gcc (Spack GCC) 11.2.0
Copyright (C) 2021 Free Software Foundation, Inc.
This is free software; see the source for copying conditions.  There is NO
warranty; not even for MERCHANTABILITY or FITNESS FOR A PARTICULAR PURPOSE.

>>> Building v1_baseline ...
rm -f src/*.o lib/libcholesky.a example/example test/test_correctness test/benchmark
rm -rf lib/
gcc -Wall -Wextra -std=gnu11 -I include -O0 -g -c src/cholesky_v1_baseline.c -o src/cholesky_v1_baseline.o
mkdir -p lib
ar rcs lib/libcholesky.a src/cholesky_v1_baseline.o
gcc -Wall -Wextra -std=gnu11 -I include -O0 -g test/benchmark.c -Llib -lcholesky -lm -o test/benchmark
>>> Running v1_baseline  SIZES=500 1000 2000  REPS=3
    v1_baseline n=500 ...
    v1_baseline n=1000 ...
    v1_baseline n=2000 ...
>>> Building v2_serial_opt ...
rm -f src/*.o lib/libcholesky.a example/example test/test_correctness test/benchmark
rm -rf lib/
gcc -Wall -Wextra -std=gnu11 -I include -O3 -march=native -ffast-math -c src/cholesky_v2_serial_opt.c -o src/cholesky_v2_serial_opt.o
mkdir -p lib
ar rcs lib/libcholesky.a src/cholesky_v2_serial_opt.o
gcc -Wall -Wextra -std=gnu11 -I include -O3 -march=native -ffast-math test/benchmark.c -Llib -lcholesky -lm -o test/benchmark
>>> Running v2_serial_opt  SIZES=500 1000 2000  REPS=3
    v2_serial_opt n=500 ...
    v2_serial_opt n=1000 ...
    v2_serial_opt n=2000 ...
>>> Building v3_openmp ...
rm -f src/*.o lib/libcholesky.a example/example test/test_correctness test/benchmark
rm -rf lib/
gcc -Wall -Wextra -std=gnu11 -I include -O3 -march=native -ffast-math -fopenmp -c src/cholesky_v3_openmp.c -o src/cholesky_v3_openmp.o
mkdir -p lib
ar rcs lib/libcholesky.a src/cholesky_v3_openmp.o
gcc -Wall -Wextra -std=gnu11 -I include -O3 -march=native -ffast-math -fopenmp test/benchmark.c -Llib -lcholesky -lm -o test/benchmark
ERROR: failed to build v3_openmp, skipping
Done. Results in results/csd3_serial.csv
version,n,threads,rep,time_s,gflops
v1_baseline,500,1,1,0.169774,0.2454
v1_baseline,500,1,2,0.169537,0.2458
v1_baseline,500,1,3,0.169633,0.2456
v1_baseline,1000,1,1,1.307857,0.2549
v1_baseline,1000,1,2,1.306851,0.2551
v1_baseline,1000,1,3,1.306658,0.2551
v1_baseline,2000,1,1,10.410174,0.2562
v1_baseline,2000,1,2,10.407506,0.2562
v1_baseline,2000,1,3,10.406621,0.2562
v2_serial_opt,500,1,1,0.010545,3.9514
v2_serial_opt,500,1,2,0.010557,3.9467
v2_serial_opt,500,1,3,0.010513,3.9635
v2_serial_opt,1000,1,1,0.099403,3.3533
v2_serial_opt,1000,1,2,0.099357,3.3549
v2_serial_opt,1000,1,3,0.099398,3.3535
v2_serial_opt,2000,1,1,0.788523,3.3819
v2_serial_opt,2000,1,2,0.786577,3.3902
v2_serial_opt,2000,1,3,0.786535,3.3904
