gcc (Spack GCC) 11.2.0
Copyright (C) 2021 Free Software Foundation, Inc.
This is free software; see the source for copying conditions.  There is NO
warranty; not even for MERCHANTABILITY or FITNESS FOR A PARTICULAR PURPOSE.

>>> Building v1_baseline ...
rm -f src/*.o lib/libcholesky.a example/example test/test_correctness test/benchmark
rm -rf lib/
gcc -Wall -Wextra -std=gnu11 -I include -O0 -g -c src/cholesky_v1_baseline.c -o src/cholesky_v1_baseline.o
mkdir -p lib
ar rcs lib/libcholesky.a src/cholesky_v1_baseline.o
gcc -Wall -Wextra -std=gnu11 -I include -O0 -g test/benchmark.c -Llib -lcholesky -lm -o test/benchmark
>>> Running v1_baseline  SIZES=500 1000 2000  REPS=3
    v1_baseline n=500 ...
    v1_baseline n=1000 ...
    v1_baseline n=2000 ...
>>> Building v2_serial_opt ...
rm -f src/*.o lib/libcholesky.a example/example test/test_correctness test/benchmark
rm -rf lib/
gcc -Wall -Wextra -std=gnu11 -I include -O3 -march=native -ffast-math -c src/cholesky_v2_serial_opt.c -o src/cholesky_v2_serial_opt.o
mkdir -p lib
ar rcs lib/libcholesky.a src/cholesky_v2_serial_opt.o
gcc -Wall -Wextra -std=gnu11 -I include -O3 -march=native -ffast-math test/benchmark.c -Llib -lcholesky -lm -o test/benchmark
>>> Running v2_serial_opt  SIZES=500 1000 2000  REPS=3
    v2_serial_opt n=500 ...
    v2_serial_opt n=1000 ...
    v2_serial_opt n=2000 ...
>>> Building v3_serial_opt ...
rm -f src/*.o lib/libcholesky.a example/example test/test_correctness test/benchmark
rm -rf lib/
gcc -Wall -Wextra -std=gnu11 -I include -O3 -march=native -ffast-math -c src/cholesky_v3_serial_opt.c -o src/cholesky_v3_serial_opt.o
mkdir -p lib
ar rcs lib/libcholesky.a src/cholesky_v3_serial_opt.o
gcc -Wall -Wextra -std=gnu11 -I include -O3 -march=native -ffast-math test/benchmark.c -Llib -lcholesky -lm -o test/benchmark
>>> Running v3_serial_opt  SIZES=500 1000 2000  REPS=3
    v3_serial_opt n=500 ...
    v3_serial_opt n=1000 ...
    v3_serial_opt n=2000 ...
Done. Results in results/csd3_serial.csv
version,n,threads,rep,time_s,gflops
v1_baseline,500,1,1,0.168633,0.2471
v1_baseline,500,1,2,0.168216,0.2477
v1_baseline,500,1,3,0.168124,0.2478
v1_baseline,1000,1,1,1.306756,0.2551
v1_baseline,1000,1,2,1.306507,0.2551
v1_baseline,1000,1,3,1.306402,0.2552
v1_baseline,2000,1,1,10.372522,0.2571
v1_baseline,2000,1,2,10.372962,0.2571
v1_baseline,2000,1,3,10.367761,0.2572
v2_serial_opt,500,1,1,0.010431,3.9947
v2_serial_opt,500,1,2,0.010440,3.9912
v2_serial_opt,500,1,3,0.010407,4.0036
v2_serial_opt,1000,1,1,0.108533,3.0713
v2_serial_opt,1000,1,2,0.108254,3.0792
v2_serial_opt,1000,1,3,0.108227,3.0799
v2_serial_opt,2000,1,1,0.797474,3.3439
v2_serial_opt,2000,1,2,0.795629,3.3516
v2_serial_opt,2000,1,3,0.795325,3.3529
v3_serial_opt,500,1,1,0.010400,4.0062
v3_serial_opt,500,1,2,0.010384,4.0126
v3_serial_opt,500,1,3,0.010309,4.0419
v3_serial_opt,1000,1,1,0.101910,3.2709
v3_serial_opt,1000,1,2,0.101770,3.2753
v3_serial_opt,1000,1,3,0.101731,3.2766
v3_serial_opt,2000,1,1,0.797981,3.3418
v3_serial_opt,2000,1,2,0.796375,3.3485
v3_serial_opt,2000,1,3,0.796238,3.3491
