gcc (Spack GCC) 11.2.0
Copyright (C) 2021 Free Software Foundation, Inc.
This is free software; see the source for copying conditions.  There is NO
warranty; not even for MERCHANTABILITY or FITNESS FOR A PARTICULAR PURPOSE.

>>> Building v1_baseline ...
ERROR: failed to build v1_baseline, skipping
>>> Building v2_serial_opt ...
ERROR: failed to build v2_serial_opt, skipping
>>> Building v3_serial_opt ...
ERROR: failed to build v3_serial_opt, skipping
>>> Building v4_serial_blocked BS=16 ...
ERROR: failed to build v4_serial_blocked BS=16, skipping
>>> Building v4_serial_blocked BS=32 ...
ERROR: failed to build v4_serial_blocked BS=32, skipping
>>> Building v4_serial_blocked BS=64 ...
ERROR: failed to build v4_serial_blocked BS=64, skipping
>>> Building v4_serial_blocked BS=128 ...
ERROR: failed to build v4_serial_blocked BS=128, skipping
Done. Results in results/csd3_serial.csv
version,n,threads,rep,time_s,gflops
